<?xml version="1.0" encoding="UTF-8"?>
<!-- Generated by org.testng.reporters.JUnitReportReporter -->
<testsuite hostname="NurulAfsar" failures="0" tests="1" name="tests.HomepageTest" time="13.869" errors="0" timestamp="2024-07-07T14:07:20 BDT" skipped="0">
  <testcase classname="tests.HomepageTest" name="dashboardTest" time="13.869"/>
</testsuite> <!-- tests.HomepageTest -->
