<?xml version="1.0" encoding="UTF-8"?>
<!-- Generated by org.testng.reporters.JUnitReportReporter -->
<testsuite hostname="NurulAfsar" failures="0" tests="1" name="tests.CategorypageTest" time="39.176" errors="0" timestamp="2024-07-08T15:14:10 BDT" skipped="0">
  <testcase classname="tests.CategorypageTest" name="categorypageTest" time="39.176"/>
</testsuite> <!-- tests.CategorypageTest -->
