<?xml version="1.0" encoding="UTF-8"?>
<!-- Generated by org.testng.reporters.JUnitReportReporter -->
<testsuite hostname="NurulAfsar" failures="0" tests="1" name="MobileAutomation.mobile_automation_project.instalattionTest" time="58.184" errors="0" timestamp="2024-06-25T12:25:40 BDT" skipped="0">
  <testcase classname="MobileAutomation.mobile_automation_project.instalattionTest" name="installApp" time="58.184"/>
</testsuite> <!-- MobileAutomation.mobile_automation_project.instalattionTest -->
